1679891007.982117 client started (9275): version 3.3a, socket /tmp/tmux-1000/default, protocol 8
1679891007.982176 on Linux 6.2.7-arch1-1 #1 SMP PREEMPT_DYNAMIC Sat, 18 Mar 2023 01:06:36 +0000
1679891007.982199 using libevent 2.1.12-stable (poll); ncurses 6.4
1679891007.982241 flags are 0x18010000
1679891007.982253 socket is /tmp/tmux-1000/default
1679891007.982276 trying connect
1679891007.982311 connect failed: No such file or directory
1679891007.982333 lock file is /tmp/tmux-1000/default.lock
1679891007.982365 flock succeeded
1679891007.982376 got lock (6)
1679891007.982391 trying connect
1679891007.982413 connect failed: No such file or directory
1679891007.982976 add peer 0x561e6ea5b810: 7 ((nil))
1679891007.983221 sending message 100 to peer 0x561e6ea5b810 (4 bytes)
1679891007.983227 sending message 111 to peer 0x561e6ea5b810 (8 bytes)
1679891007.983229 sending message 101 to peer 0x561e6ea5b810 (15 bytes)
1679891007.983231 sending message 109 to peer 0x561e6ea5b810 (4 bytes)
1679891007.983234 sending message 102 to peer 0x561e6ea5b810 (11 bytes)
1679891007.983236 sending message 108 to peer 0x561e6ea5b810 (29 bytes)
1679891007.983238 sending message 112 to peer 0x561e6ea5b810 (58 bytes)
1679891007.983240 sending message 112 to peer 0x561e6ea5b810 (5 bytes)
1679891007.983242 sending message 112 to peer 0x561e6ea5b810 (5 bytes)
1679891007.983244 sending message 112 to peer 0x561e6ea5b810 (6 bytes)
1679891007.983246 sending message 112 to peer 0x561e6ea5b810 (6 bytes)
1679891007.983248 sending message 112 to peer 0x561e6ea5b810 (11 bytes)
1679891007.983251 sending message 112 to peer 0x561e6ea5b810 (10 bytes)
1679891007.983253 sending message 112 to peer 0x561e6ea5b810 (13 bytes)
1679891007.983255 sending message 112 to peer 0x561e6ea5b810 (14 bytes)
1679891007.983257 sending message 112 to peer 0x561e6ea5b810 (19 bytes)
1679891007.983259 sending message 112 to peer 0x561e6ea5b810 (11 bytes)
1679891007.983262 sending message 112 to peer 0x561e6ea5b810 (10 bytes)
1679891007.983264 sending message 112 to peer 0x561e6ea5b810 (15 bytes)
1679891007.983266 sending message 112 to peer 0x561e6ea5b810 (21 bytes)
1679891007.983268 sending message 112 to peer 0x561e6ea5b810 (13 bytes)
1679891007.983270 sending message 112 to peer 0x561e6ea5b810 (7 bytes)
1679891007.983272 sending message 112 to peer 0x561e6ea5b810 (13 bytes)
1679891007.983274 sending message 112 to peer 0x561e6ea5b810 (7 bytes)
1679891007.983276 sending message 112 to peer 0x561e6ea5b810 (13 bytes)
1679891007.983278 sending message 112 to peer 0x561e6ea5b810 (9 bytes)
1679891007.983280 sending message 112 to peer 0x561e6ea5b810 (21 bytes)
1679891007.983282 sending message 112 to peer 0x561e6ea5b810 (13 bytes)
1679891007.983284 sending message 112 to peer 0x561e6ea5b810 (9 bytes)
1679891007.983286 sending message 112 to peer 0x561e6ea5b810 (16 bytes)
1679891007.983289 sending message 112 to peer 0x561e6ea5b810 (13 bytes)
1679891007.983291 sending message 112 to peer 0x561e6ea5b810 (9 bytes)
1679891007.983293 sending message 112 to peer 0x561e6ea5b810 (9 bytes)
1679891007.983295 sending message 112 to peer 0x561e6ea5b810 (12 bytes)
1679891007.983297 sending message 112 to peer 0x561e6ea5b810 (8 bytes)
1679891007.983299 sending message 112 to peer 0x561e6ea5b810 (8 bytes)
1679891007.983301 sending message 112 to peer 0x561e6ea5b810 (13 bytes)
1679891007.983304 sending message 112 to peer 0x561e6ea5b810 (7 bytes)
1679891007.983306 sending message 112 to peer 0x561e6ea5b810 (7 bytes)
1679891007.983308 sending message 112 to peer 0x561e6ea5b810 (9 bytes)
1679891007.983310 sending message 112 to peer 0x561e6ea5b810 (9 bytes)
1679891007.983312 sending message 112 to peer 0x561e6ea5b810 (15 bytes)
1679891007.983315 sending message 112 to peer 0x561e6ea5b810 (13 bytes)
1679891007.983317 sending message 112 to peer 0x561e6ea5b810 (12 bytes)
1679891007.983319 sending message 112 to peer 0x561e6ea5b810 (8 bytes)
1679891007.983322 sending message 112 to peer 0x561e6ea5b810 (14 bytes)
1679891007.983324 sending message 112 to peer 0x561e6ea5b810 (11 bytes)
1679891007.983326 sending message 112 to peer 0x561e6ea5b810 (9 bytes)
1679891007.983335 sending message 112 to peer 0x561e6ea5b810 (10 bytes)
1679891007.983337 sending message 112 to peer 0x561e6ea5b810 (10 bytes)
1679891007.983339 sending message 112 to peer 0x561e6ea5b810 (10 bytes)
1679891007.983342 sending message 112 to peer 0x561e6ea5b810 (10 bytes)
1679891007.983344 sending message 112 to peer 0x561e6ea5b810 (11 bytes)
1679891007.983346 sending message 112 to peer 0x561e6ea5b810 (12 bytes)
1679891007.983349 sending message 112 to peer 0x561e6ea5b810 (12 bytes)
1679891007.983351 sending message 112 to peer 0x561e6ea5b810 (12 bytes)
1679891007.983353 sending message 112 to peer 0x561e6ea5b810 (12 bytes)
1679891007.983355 sending message 112 to peer 0x561e6ea5b810 (12 bytes)
1679891007.983357 sending message 112 to peer 0x561e6ea5b810 (11 bytes)
1679891007.983359 sending message 112 to peer 0x561e6ea5b810 (11 bytes)
1679891007.983362 sending message 112 to peer 0x561e6ea5b810 (12 bytes)
1679891007.983364 sending message 112 to peer 0x561e6ea5b810 (12 bytes)
1679891007.983366 sending message 112 to peer 0x561e6ea5b810 (12 bytes)
1679891007.983368 sending message 112 to peer 0x561e6ea5b810 (12 bytes)
1679891007.983371 sending message 112 to peer 0x561e6ea5b810 (12 bytes)
1679891007.983373 sending message 112 to peer 0x561e6ea5b810 (9 bytes)
1679891007.983375 sending message 112 to peer 0x561e6ea5b810 (12 bytes)
1679891007.983377 sending message 112 to peer 0x561e6ea5b810 (13 bytes)
1679891007.983379 sending message 112 to peer 0x561e6ea5b810 (13 bytes)
1679891007.983382 sending message 112 to peer 0x561e6ea5b810 (13 bytes)
1679891007.983384 sending message 112 to peer 0x561e6ea5b810 (13 bytes)
1679891007.983386 sending message 112 to peer 0x561e6ea5b810 (13 bytes)
1679891007.983388 sending message 112 to peer 0x561e6ea5b810 (8 bytes)
1679891007.983390 sending message 112 to peer 0x561e6ea5b810 (11 bytes)
1679891007.983392 sending message 112 to peer 0x561e6ea5b810 (11 bytes)
1679891007.983394 sending message 112 to peer 0x561e6ea5b810 (11 bytes)
1679891007.983396 sending message 112 to peer 0x561e6ea5b810 (12 bytes)
1679891007.983399 sending message 112 to peer 0x561e6ea5b810 (12 bytes)
1679891007.983401 sending message 112 to peer 0x561e6ea5b810 (12 bytes)
1679891007.983403 sending message 112 to peer 0x561e6ea5b810 (12 bytes)
1679891007.983405 sending message 112 to peer 0x561e6ea5b810 (13 bytes)
1679891007.983408 sending message 112 to peer 0x561e6ea5b810 (13 bytes)
1679891007.983410 sending message 112 to peer 0x561e6ea5b810 (13 bytes)
1679891007.983412 sending message 112 to peer 0x561e6ea5b810 (8 bytes)
1679891007.983415 sending message 112 to peer 0x561e6ea5b810 (13 bytes)
1679891007.983417 sending message 112 to peer 0x561e6ea5b810 (13 bytes)
1679891007.983419 sending message 112 to peer 0x561e6ea5b810 (13 bytes)
1679891007.983421 sending message 112 to peer 0x561e6ea5b810 (13 bytes)
1679891007.983424 sending message 112 to peer 0x561e6ea5b810 (13 bytes)
1679891007.983426 sending message 112 to peer 0x561e6ea5b810 (12 bytes)
1679891007.983428 sending message 112 to peer 0x561e6ea5b810 (12 bytes)
1679891007.983430 sending message 112 to peer 0x561e6ea5b810 (12 bytes)
1679891007.983432 sending message 112 to peer 0x561e6ea5b810 (12 bytes)
1679891007.983434 sending message 112 to peer 0x561e6ea5b810 (13 bytes)
1679891007.983437 sending message 112 to peer 0x561e6ea5b810 (8 bytes)
1679891007.983439 sending message 112 to peer 0x561e6ea5b810 (13 bytes)
1679891007.983441 sending message 112 to peer 0x561e6ea5b810 (13 bytes)
1679891007.983443 sending message 112 to peer 0x561e6ea5b810 (13 bytes)
1679891007.983445 sending message 112 to peer 0x561e6ea5b810 (13 bytes)
1679891007.983448 sending message 112 to peer 0x561e6ea5b810 (13 bytes)
1679891007.983450 sending message 112 to peer 0x561e6ea5b810 (13 bytes)
1679891007.983452 sending message 112 to peer 0x561e6ea5b810 (13 bytes)
1679891007.983454 sending message 112 to peer 0x561e6ea5b810 (12 bytes)
1679891007.983457 sending message 112 to peer 0x561e6ea5b810 (12 bytes)
1679891007.983459 sending message 112 to peer 0x561e6ea5b810 (12 bytes)
1679891007.983464 sending message 112 to peer 0x561e6ea5b810 (8 bytes)
1679891007.983466 sending message 112 to peer 0x561e6ea5b810 (12 bytes)
1679891007.983468 sending message 112 to peer 0x561e6ea5b810 (13 bytes)
1679891007.983471 sending message 112 to peer 0x561e6ea5b810 (13 bytes)
1679891007.983473 sending message 112 to peer 0x561e6ea5b810 (13 bytes)
1679891007.983475 sending message 112 to peer 0x561e6ea5b810 (13 bytes)
1679891007.983478 sending message 112 to peer 0x561e6ea5b810 (13 bytes)
1679891007.983480 sending message 112 to peer 0x561e6ea5b810 (13 bytes)
1679891007.983482 sending message 112 to peer 0x561e6ea5b810 (13 bytes)
1679891007.983484 sending message 112 to peer 0x561e6ea5b810 (13 bytes)
1679891007.983487 sending message 112 to peer 0x561e6ea5b810 (12 bytes)
1679891007.983489 sending message 112 to peer 0x561e6ea5b810 (10 bytes)
1679891007.983491 sending message 112 to peer 0x561e6ea5b810 (12 bytes)
1679891007.983493 sending message 112 to peer 0x561e6ea5b810 (12 bytes)
1679891007.983495 sending message 112 to peer 0x561e6ea5b810 (12 bytes)
1679891007.983497 sending message 112 to peer 0x561e6ea5b810 (13 bytes)
1679891007.983500 sending message 112 to peer 0x561e6ea5b810 (13 bytes)
1679891007.983502 sending message 112 to peer 0x561e6ea5b810 (13 bytes)
1679891007.983504 sending message 112 to peer 0x561e6ea5b810 (13 bytes)
1679891007.983506 sending message 112 to peer 0x561e6ea5b810 (13 bytes)
1679891007.983509 sending message 112 to peer 0x561e6ea5b810 (13 bytes)
1679891007.983511 sending message 112 to peer 0x561e6ea5b810 (13 bytes)
1679891007.983513 sending message 112 to peer 0x561e6ea5b810 (10 bytes)
1679891007.983515 sending message 112 to peer 0x561e6ea5b810 (13 bytes)
1679891007.983517 sending message 112 to peer 0x561e6ea5b810 (12 bytes)
1679891007.983520 sending message 112 to peer 0x561e6ea5b810 (12 bytes)
1679891007.983522 sending message 112 to peer 0x561e6ea5b810 (12 bytes)
1679891007.983524 sending message 112 to peer 0x561e6ea5b810 (10 bytes)
1679891007.983526 sending message 112 to peer 0x561e6ea5b810 (10 bytes)
1679891007.983528 sending message 112 to peer 0x561e6ea5b810 (10 bytes)
1679891007.983531 sending message 112 to peer 0x561e6ea5b810 (12 bytes)
1679891007.983533 sending message 112 to peer 0x561e6ea5b810 (13 bytes)
1679891007.983535 sending message 112 to peer 0x561e6ea5b810 (13 bytes)
1679891007.983537 sending message 112 to peer 0x561e6ea5b810 (13 bytes)
1679891007.983539 sending message 112 to peer 0x561e6ea5b810 (13 bytes)
1679891007.983542 sending message 112 to peer 0x561e6ea5b810 (13 bytes)
1679891007.983544 sending message 112 to peer 0x561e6ea5b810 (10 bytes)
1679891007.983546 sending message 112 to peer 0x561e6ea5b810 (11 bytes)
1679891007.983548 sending message 112 to peer 0x561e6ea5b810 (12 bytes)
1679891007.983550 sending message 112 to peer 0x561e6ea5b810 (12 bytes)
1679891007.983552 sending message 112 to peer 0x561e6ea5b810 (12 bytes)
1679891007.983554 sending message 112 to peer 0x561e6ea5b810 (12 bytes)
1679891007.983557 sending message 112 to peer 0x561e6ea5b810 (12 bytes)
1679891007.983559 sending message 112 to peer 0x561e6ea5b810 (11 bytes)
1679891007.983561 sending message 112 to peer 0x561e6ea5b810 (12 bytes)
1679891007.983564 sending message 112 to peer 0x561e6ea5b810 (12 bytes)
1679891007.983566 sending message 112 to peer 0x561e6ea5b810 (13 bytes)
1679891007.983568 sending message 112 to peer 0x561e6ea5b810 (13 bytes)
1679891007.983570 sending message 112 to peer 0x561e6ea5b810 (13 bytes)
1679891007.983572 sending message 112 to peer 0x561e6ea5b810 (13 bytes)
1679891007.983574 sending message 112 to peer 0x561e6ea5b810 (13 bytes)
1679891007.983577 sending message 112 to peer 0x561e6ea5b810 (10 bytes)
1679891007.983579 sending message 112 to peer 0x561e6ea5b810 (9 bytes)
1679891007.983581 sending message 112 to peer 0x561e6ea5b810 (12 bytes)
1679891007.983583 sending message 112 to peer 0x561e6ea5b810 (13 bytes)
1679891007.983586 sending message 112 to peer 0x561e6ea5b810 (13 bytes)
1679891007.983588 sending message 112 to peer 0x561e6ea5b810 (13 bytes)
1679891007.983592 sending message 112 to peer 0x561e6ea5b810 (13 bytes)
1679891007.983595 sending message 112 to peer 0x561e6ea5b810 (13 bytes)
1679891007.983597 sending message 112 to peer 0x561e6ea5b810 (9 bytes)
1679891007.983599 sending message 112 to peer 0x561e6ea5b810 (12 bytes)
1679891007.983602 sending message 112 to peer 0x561e6ea5b810 (13 bytes)
1679891007.983604 sending message 112 to peer 0x561e6ea5b810 (13 bytes)
1679891007.983606 sending message 112 to peer 0x561e6ea5b810 (13 bytes)
1679891007.983609 sending message 112 to peer 0x561e6ea5b810 (13 bytes)
1679891007.983611 sending message 112 to peer 0x561e6ea5b810 (13 bytes)
1679891007.983613 sending message 112 to peer 0x561e6ea5b810 (11 bytes)
1679891007.983615 sending message 112 to peer 0x561e6ea5b810 (12 bytes)
1679891007.983617 sending message 112 to peer 0x561e6ea5b810 (13 bytes)
1679891007.983619 sending message 112 to peer 0x561e6ea5b810 (13 bytes)
1679891007.983621 sending message 112 to peer 0x561e6ea5b810 (13 bytes)
1679891007.983623 sending message 112 to peer 0x561e6ea5b810 (13 bytes)
1679891007.983626 sending message 112 to peer 0x561e6ea5b810 (13 bytes)
1679891007.983628 sending message 112 to peer 0x561e6ea5b810 (11 bytes)
1679891007.983630 sending message 112 to peer 0x561e6ea5b810 (12 bytes)
1679891007.983632 sending message 112 to peer 0x561e6ea5b810 (12 bytes)
1679891007.983634 sending message 112 to peer 0x561e6ea5b810 (12 bytes)
1679891007.983636 sending message 112 to peer 0x561e6ea5b810 (12 bytes)
1679891007.983639 sending message 112 to peer 0x561e6ea5b810 (12 bytes)
1679891007.983641 sending message 112 to peer 0x561e6ea5b810 (21 bytes)
1679891007.983643 sending message 112 to peer 0x561e6ea5b810 (12 bytes)
1679891007.983645 sending message 112 to peer 0x561e6ea5b810 (9 bytes)
1679891007.983647 sending message 112 to peer 0x561e6ea5b810 (6 bytes)
1679891007.983649 sending message 112 to peer 0x561e6ea5b810 (13 bytes)
1679891007.983652 sending message 112 to peer 0x561e6ea5b810 (10 bytes)
1679891007.983654 sending message 112 to peer 0x561e6ea5b810 (24 bytes)
1679891007.983656 sending message 112 to peer 0x561e6ea5b810 (13 bytes)
1679891007.983658 sending message 112 to peer 0x561e6ea5b810 (9 bytes)
1679891007.983660 sending message 112 to peer 0x561e6ea5b810 (70 bytes)
1679891007.983662 sending message 112 to peer 0x561e6ea5b810 (69 bytes)
1679891007.983665 sending message 112 to peer 0x561e6ea5b810 (12 bytes)
1679891007.983667 sending message 112 to peer 0x561e6ea5b810 (10 bytes)
1679891007.983669 sending message 112 to peer 0x561e6ea5b810 (10 bytes)
1679891007.983671 sending message 112 to peer 0x561e6ea5b810 (24 bytes)
1679891007.983673 sending message 112 to peer 0x561e6ea5b810 (13 bytes)
1679891007.983675 sending message 112 to peer 0x561e6ea5b810 (10 bytes)
1679891007.983677 sending message 112 to peer 0x561e6ea5b810 (10 bytes)
1679891007.983679 sending message 112 to peer 0x561e6ea5b810 (10 bytes)
1679891007.983682 sending message 112 to peer 0x561e6ea5b810 (13 bytes)
1679891007.983684 sending message 112 to peer 0x561e6ea5b810 (15 bytes)
1679891007.983686 sending message 112 to peer 0x561e6ea5b810 (5 bytes)
1679891007.983688 sending message 104 to peer 0x561e6ea5b810 (0 bytes)
1679891007.983691 sending message 110 to peer 0x561e6ea5b810 (0 bytes)
1679891007.983693 sending message 107 to peer 0x561e6ea5b810 (4 bytes)
1679891007.983695 sending message 105 to peer 0x561e6ea5b810 (15 bytes)
1679891007.983698 sending message 105 to peer 0x561e6ea5b810 (20 bytes)
1679891007.983700 sending message 105 to peer 0x561e6ea5b810 (54 bytes)
1679891007.983702 sending message 105 to peer 0x561e6ea5b810 (49 bytes)
1679891007.983704 sending message 105 to peer 0x561e6ea5b810 (23 bytes)
1679891007.983706 sending message 105 to peer 0x561e6ea5b810 (11 bytes)
1679891007.983709 sending message 105 to peer 0x561e6ea5b810 (94 bytes)
1679891007.983711 sending message 105 to peer 0x561e6ea5b810 (32 bytes)
1679891007.983713 sending message 105 to peer 0x561e6ea5b810 (81 bytes)
1679891007.983716 sending message 105 to peer 0x561e6ea5b810 (21 bytes)
1679891007.983720 sending message 105 to peer 0x561e6ea5b810 (50 bytes)
1679891007.983722 sending message 105 to peer 0x561e6ea5b810 (43 bytes)
1679891007.983724 sending message 105 to peer 0x561e6ea5b810 (56 bytes)
1679891007.983727 sending message 105 to peer 0x561e6ea5b810 (48 bytes)
1679891007.983729 sending message 105 to peer 0x561e6ea5b810 (47 bytes)
1679891007.983750 sending message 105 to peer 0x561e6ea5b810 (23 bytes)
1679891007.983753 sending message 105 to peer 0x561e6ea5b810 (28 bytes)
1679891007.983755 sending message 105 to peer 0x561e6ea5b810 (22 bytes)
1679891007.983758 sending message 105 to peer 0x561e6ea5b810 (21 bytes)
1679891007.983760 sending message 105 to peer 0x561e6ea5b810 (22 bytes)
1679891007.983762 sending message 105 to peer 0x561e6ea5b810 (27 bytes)
1679891007.983764 sending message 105 to peer 0x561e6ea5b810 (33 bytes)
1679891007.983767 sending message 105 to peer 0x561e6ea5b810 (31 bytes)
1679891007.983788 sending message 105 to peer 0x561e6ea5b810 (23 bytes)
1679891007.983790 sending message 105 to peer 0x561e6ea5b810 (17 bytes)
1679891007.983792 sending message 105 to peer 0x561e6ea5b810 (10 bytes)
1679891007.983795 sending message 105 to peer 0x561e6ea5b810 (18 bytes)
1679891007.983797 sending message 105 to peer 0x561e6ea5b810 (31 bytes)
1679891007.983799 sending message 105 to peer 0x561e6ea5b810 (15 bytes)
1679891007.983801 sending message 105 to peer 0x561e6ea5b810 (46 bytes)
1679891007.983803 sending message 105 to peer 0x561e6ea5b810 (15 bytes)
1679891007.983806 sending message 105 to peer 0x561e6ea5b810 (50 bytes)
1679891007.983808 sending message 105 to peer 0x561e6ea5b810 (216 bytes)
1679891007.983810 sending message 105 to peer 0x561e6ea5b810 (13 bytes)
1679891007.983813 sending message 105 to peer 0x561e6ea5b810 (33 bytes)
1679891007.983815 sending message 105 to peer 0x561e6ea5b810 (30 bytes)
1679891007.983817 sending message 105 to peer 0x561e6ea5b810 (16 bytes)
1679891007.983819 sending message 105 to peer 0x561e6ea5b810 (50 bytes)
1679891007.983821 sending message 105 to peer 0x561e6ea5b810 (21 bytes)
1679891007.983824 sending message 105 to peer 0x561e6ea5b810 (20 bytes)
1679891007.983826 sending message 105 to peer 0x561e6ea5b810 (15 bytes)
1679891007.983828 sending message 105 to peer 0x561e6ea5b810 (18 bytes)
1679891007.983830 sending message 105 to peer 0x561e6ea5b810 (39 bytes)
1679891007.983833 sending message 105 to peer 0x561e6ea5b810 (16 bytes)
1679891007.983835 sending message 105 to peer 0x561e6ea5b810 (29 bytes)
1679891007.983837 sending message 105 to peer 0x561e6ea5b810 (61 bytes)
1679891007.983839 sending message 105 to peer 0x561e6ea5b810 (24 bytes)
1679891007.983842 sending message 105 to peer 0x561e6ea5b810 (65 bytes)
1679891007.983844 sending message 105 to peer 0x561e6ea5b810 (31 bytes)
1679891007.983846 sending message 105 to peer 0x561e6ea5b810 (15 bytes)
1679891007.983848 sending message 105 to peer 0x561e6ea5b810 (52 bytes)
1679891007.983850 sending message 105 to peer 0x561e6ea5b810 (23 bytes)
1679891007.983853 sending message 105 to peer 0x561e6ea5b810 (24 bytes)
1679891007.983855 sending message 105 to peer 0x561e6ea5b810 (17 bytes)
1679891007.983857 sending message 105 to peer 0x561e6ea5b810 (58 bytes)
1679891007.983859 sending message 105 to peer 0x561e6ea5b810 (21 bytes)
1679891007.983861 sending message 105 to peer 0x561e6ea5b810 (11 bytes)
1679891007.983882 sending message 105 to peer 0x561e6ea5b810 (8 bytes)
1679891007.983884 sending message 105 to peer 0x561e6ea5b810 (31 bytes)
1679891007.983886 sending message 105 to peer 0x561e6ea5b810 (12 bytes)
1679891007.983889 sending message 105 to peer 0x561e6ea5b810 (20 bytes)
1679891007.983891 sending message 105 to peer 0x561e6ea5b810 (31 bytes)
1679891007.983893 sending message 105 to peer 0x561e6ea5b810 (11 bytes)
1679891007.983895 sending message 105 to peer 0x561e6ea5b810 (8 bytes)
1679891007.983898 sending message 105 to peer 0x561e6ea5b810 (32 bytes)
1679891007.983900 sending message 105 to peer 0x561e6ea5b810 (1764 bytes)
1679891007.983907 sending message 105 to peer 0x561e6ea5b810 (10 bytes)
1679891007.983918 sending message 105 to peer 0x561e6ea5b810 (24 bytes)
1679891007.983921 sending message 105 to peer 0x561e6ea5b810 (16 bytes)
1679891007.983923 sending message 106 to peer 0x561e6ea5b810 (0 bytes)
1679891007.983966 sending message 200 to peer 0x561e6ea5b810 (4 bytes)
1679891007.983969 client loop enter
1679891007.983977 client_signal: Child exited
1679891008.018421 peer 0x561e6ea5b810 message 207
1679891008.018429 sending message 208 to peer 0x561e6ea5b810 (0 bytes)
1679891014.193427 peer 0x561e6ea5b810 message 203
1679891014.193653 sending message 205 to peer 0x561e6ea5b810 (0 bytes)
1679891014.194409 peer 0x561e6ea5b810 message 204
1679891014.194447 client loop exit
